{sqls:[{name:'hand', sql:'select a.f_inputtor,b.未用户数 wyhs,c.总户数 zhs,d.使用户数 syhs,e.本月应收气量 byysql
,e.本月应收金额 byysje,f.本月实收气量 byssql,f.本月实收金额 byssje,g.本月欠费气量 byqfql,
g.本月欠费金额 byqfje,h.收回陈欠气量 cqql,h.收回陈欠金额 cqje,
j.累计欠费气量 ljqfql,j.累计欠费金额 ljqfje,k.滞纳金 znj,l.正常抄表户数 cbhs,m.入户率 rhl,
n.剩余气量 syql from (
select f_inputtor from t_handplan 
where f_inputtor is not null and f_inputtor!=$$ 
group by f_inputtor) a 
left join 
Fun_抄表员_未用户数(${search.f_yytdate1}$,${search.f_yytdate2}$) b 
on a.f_inputtor=b.抄表员 
left join 
Fun_抄表员_总户数() c 
on a.f_inputtor=c.抄表员 
left join 
Fun_抄表员_使用户数(${search.f_yytdate1}$,${search.f_yytdate2}$) d 
on a.f_inputtor=d.抄表员 
left join 
Fun_抄表员_本月应收(${search.f_yytdate1}$,${search.f_yytdate2}$) e 
on a.f_inputtor=e.抄表员 
left join 
Fun_抄表员_本月实收(${search.f_yytdate1}$,${search.f_yytdate2}$) f 
on a.f_inputtor=f.抄表员 
left join 
Fun_抄表员_本月欠费(${search.f_yytdate1}$,${search.f_yytdate2}$) g 
on a.f_inputtor=g.抄表员 
left join 
Fun_抄表员_收回陈欠(${search.f_yytdate1}$,${search.f_yytdate2}$) h 
on a.f_inputtor=h.抄表员 
left join 
Fun_抄表员_累计欠费(${search.f_yytdate2}$) j 
on a.f_inputtor=j.抄表员 
left join 
Fun_抄表员_滞纳金(${search.f_yytdate1}$,${search.f_yytdate2}$) k  
on a.f_inputtor=k.抄表员 
left join 
Fun_抄表员_正常抄表户数(${search.f_yytdate1}$,${search.f_yytdate2}$) l 
on a.f_inputtor=l.抄表员 
left join 
Fun_抄表员_入户率(${search.f_yytdate1}$,${search.f_yytdate2}$) m 
on a.f_inputtor=m.抄表员 
left join 
Fun_抄表员_剩余气量(${search.f_yytdate1}$,${search.f_yytdate2}$) n 
on a.f_inputtor=n.抄表员'}],headsql:'',leftsql:'select f_inputtor from t_handplan where f_inputtor is not null and f_inputtor!=$$ and f_gasmeterstyle=$机表$ group by f_inputtor',columns:[{width:13},{width:102},{width:100},{width:99},{width:100},{width:100},{width:100},{width:100},{width:100},{width:100},{width:100},{width:100},{width:100},{width:100},{width:100},{width:100},{width:100},{width:100},{width:100},{width:100},{width:100}], rows:[{height:24,type:'head'},{height:18,type:'head'},{height:26,type:'left'},{height:25,type:'bottom'},{height:100,type:''}], cells:[{row:0,type:'head',rowspan:2,columnspan:2, column:0, content:'$抄表员$', location:'center',height:42},{row:0,type:'head',rowspan:2,columnspan:1, column:2, content:'$抄表户数$', location:'center',height:42},{row:0,type:'head',rowspan:2,columnspan:1, column:3, content:'$总户数$', location:'center',height:42},{row:0,type:'head',rowspan:2,columnspan:1, column:20, content:'$备注$', location:'',height:42},{row:2,type:'left',rowspan:1,columnspan:2, column:0, content:'f_inputtor', location:'center',height:26},{row:2,type:'main',rowspan:1,columnspan:1, column:2, content:'hand[left.f_inputtor==data.f_inputtor].Sum(cbhs)', location:'center',height:26},{row:2,type:'main',rowspan:1,columnspan:1, column:3, content:'hand[left.f_inputtor==data.f_inputtor].Sum(zhs)', location:'center',height:26},{row:2,type:'main',rowspan:1,columnspan:1, column:20, content:'$$', location:'',height:26},{row:3,type:'bottom',rowspan:1,columnspan:2, column:0, content:'$合计$', location:'center',height:25},{row:3,type:'bottom',rowspan:1,columnspan:1, column:2, content:'hand.Sum(cbhs)', location:'center',height:25},{row:3,type:'bottom',rowspan:1,columnspan:1, column:3, content:'hand.Sum(zhs)', location:'center',height:25},{row:3,type:'bottom',rowspan:1,columnspan:1, column:20, content:'$$', location:'',height:25},{row:4,type:'',rowspan:1,columnspan:1, column:0, content:'', location:'',height:100},{row:4,type:'',rowspan:1,columnspan:1, column:1, content:'', location:'',height:100},{row:4,type:'',rowspan:1,columnspan:1, column:2, content:'', location:'',height:100},{row:4,type:'',rowspan:1,columnspan:1, column:3, content:'', location:'',height:100},{row:4,type:'',rowspan:1,columnspan:1, column:20, content:'', location:'',height:100},{row:0,type:'head',rowspan:2,columnspan:1, column:4, content:'$未使用户数$', location:'center',height:42},{row:2,type:'main',rowspan:1,columnspan:1, column:4, content:'hand[left.f_inputtor==data.f_inputtor].Sum(wyhs)', location:'center',height:26},{row:3,type:'bottom',rowspan:1,columnspan:1, column:4, content:'hand.Sum(wyhs)', location:'center',height:25},{row:4,type:'',rowspan:1,columnspan:1, column:4, content:'', location:'',height:100},{row:0,type:'head',rowspan:2,columnspan:1, column:5, content:'$使用户数$', location:'center',height:42},{row:2,type:'main',rowspan:1,columnspan:1, column:5, content:'hand[left.f_inputtor==data.f_inputtor].Sum(syhs)', location:'center',height:26},{row:3,type:'bottom',rowspan:1,columnspan:1, column:5, content:'hand.Sum(syhs)', location:'center',height:25},{row:4,type:'',rowspan:1,columnspan:1, column:5, content:'', location:'',height:100},{row:0,type:'head',rowspan:1,columnspan:2, column:6, content:'$本月应交$', location:'center',height:24},{row:1,type:'head',rowspan:1,columnspan:1, column:6, content:'$气量$', location:'center',height:18},{row:2,type:'main',rowspan:1,columnspan:1, column:6, content:'hand[left.f_inputtor==data.f_inputtor].Sum(byysql)', location:'center',height:26},{row:3,type:'bottom',rowspan:1,columnspan:1, column:6, content:'hand.Sum(byysql)', location:'center',height:25},{row:4,type:'',rowspan:1,columnspan:1, column:6, content:'', location:'',height:100},{row:0,type:'head',rowspan:1,columnspan:2, column:8, content:'$本月实收$', location:'center',height:24},{row:1,type:'head',rowspan:1,columnspan:1, column:8, content:'$气量$', location:'center',height:18},{row:2,type:'main',rowspan:1,columnspan:1, column:8, content:'hand[left.f_inputtor==data.f_inputtor].Sum(byssql)', location:'center',height:26},{row:3,type:'bottom',rowspan:1,columnspan:1, column:8, content:'hand.Sum(byssql)', location:'center',height:25},{row:4,type:'',rowspan:1,columnspan:1, column:8, content:'', location:'',height:100},{row:1,type:'head',rowspan:1,columnspan:1, column:7, content:'$金额$', location:'center',height:18},{row:2,type:'main',rowspan:1,columnspan:1, column:7, content:'hand[left.f_inputtor==data.f_inputtor].Sum(byysje)', location:'center',height:26},{row:3,type:'bottom',rowspan:1,columnspan:1, column:7, content:'hand.Sum(byysje)', location:'center',height:25},{row:4,type:'',rowspan:1,columnspan:1, column:7, content:'', location:'',height:100},{row:1,type:'head',rowspan:1,columnspan:1, column:9, content:'$金额$', location:'center',height:18},{row:2,type:'main',rowspan:1,columnspan:1, column:9, content:'hand[left.f_inputtor==data.f_inputtor].Sum(byssje)', location:'center',height:26},{row:3,type:'bottom',rowspan:1,columnspan:1, column:9, content:'hand.Sum(byssje)', location:'center',height:25},{row:4,type:'',rowspan:1,columnspan:1, column:9, content:'', location:'',height:100},{row:0,type:'head',rowspan:1,columnspan:2, column:10, content:'$收回陈欠$', location:'center',height:24},{row:1,type:'head',rowspan:1,columnspan:1, column:10, content:'$气量$', location:'center',height:18},{row:2,type:'main',rowspan:1,columnspan:1, column:10, content:'hand[left.f_inputtor==data.f_inputtor].Sum(cqql)', location:'center',height:26},{row:3,type:'bottom',rowspan:1,columnspan:1, column:10, content:'hand.Sum(cqql)', location:'center',height:25},{row:4,type:'',rowspan:1,columnspan:1, column:10, content:'', location:'',height:100},{row:1,type:'head',rowspan:1,columnspan:1, column:11, content:'$金额$', location:'center',height:18},{row:2,type:'main',rowspan:1,columnspan:1, column:11, content:'hand[left.f_inputtor==data.f_inputtor].Sum(cqje)', location:'center',height:26},{row:3,type:'bottom',rowspan:1,columnspan:1, column:11, content:'hand.Sum(cqje)', location:'center',height:25},{row:4,type:'',rowspan:1,columnspan:1, column:11, content:'', location:'',height:100},{row:0,type:'head',rowspan:1,columnspan:2, column:12, content:'$本月欠费$', location:'center',height:24},{row:1,type:'head',rowspan:1,columnspan:1, column:12, content:'$气量$', location:'center',height:18},{row:2,type:'main',rowspan:1,columnspan:1, column:12, content:'hand[left.f_inputtor==data.f_inputtor].Sum(byqfql)', location:'center',height:26},{row:3,type:'bottom',rowspan:1,columnspan:1, column:12, content:'hand.Sum(byqfql)', location:'center',height:25},{row:4,type:'',rowspan:1,columnspan:1, column:12, content:'', location:'',height:100},{row:1,type:'head',rowspan:1,columnspan:1, column:13, content:'$金额$', location:'center',height:18},{row:2,type:'main',rowspan:1,columnspan:1, column:13, content:'hand[left.f_inputtor==data.f_inputtor].Sum(byqfje)', location:'center',height:26},{row:3,type:'bottom',rowspan:1,columnspan:1, column:13, content:'hand.Sum(byqfje)', location:'center',height:25},{row:4,type:'',rowspan:1,columnspan:1, column:13, content:'', location:'',height:100},{row:0,type:'head',rowspan:1,columnspan:2, column:14, content:'$累计欠费$', location:'center',height:24},{row:1,type:'head',rowspan:1,columnspan:1, column:14, content:'$气量$', location:'center',height:18},{row:2,type:'main',rowspan:1,columnspan:1, column:14, content:'hand[left.f_inputtor==data.f_inputtor].Sum(ljqfql)', location:'center',height:26},{row:3,type:'bottom',rowspan:1,columnspan:1, column:14, content:'hand.Sum(ljqfql)', location:'center',height:25},{row:4,type:'',rowspan:1,columnspan:1, column:14, content:'', location:'',height:100},{row:1,type:'head',rowspan:1,columnspan:1, column:15, content:'$金额$', location:'center',height:18},{row:2,type:'main',rowspan:1,columnspan:1, column:15, content:'hand[left.f_inputtor==data.f_inputtor].Sum(ljqfje)', location:'center',height:26},{row:3,type:'bottom',rowspan:1,columnspan:1, column:15, content:'hand.Sum(ljqfje)', location:'center',height:25},{row:4,type:'',rowspan:1,columnspan:1, column:15, content:'', location:'',height:100},{row:0,type:'head',rowspan:2,columnspan:1, column:16, content:'$入户率$', location:'center',height:42},{row:2,type:'main',rowspan:1,columnspan:1, column:16, content:'hand[left.f_inputtor==data.f_inputtor].Sum(rhl)', location:'center',height:26},{row:3,type:'bottom',rowspan:1,columnspan:1, column:16, content:'hand.Sum(rhl)', location:'center',height:25},{row:4,type:'',rowspan:1,columnspan:1, column:16, content:'', location:'',height:100},{row:0,type:'head',rowspan:2,columnspan:1, column:17, content:'$回收率$', location:'center',height:42},{row:2,type:'main',rowspan:1,columnspan:1, column:17, content:'hand[left.f_inputtor==data.f_inputtor].Sum(byssje)==0 or hand[left.f_inputtor==data.f_inputtor].Sum(byysje)==0:0,(hand[left.f_inputtor==data.f_inputtor].Sum(byssje)/hand[left.f_inputtor==data.f_inputtor].Sum(byysje)).MathRound(2)', location:'center',height:26},{row:3,type:'bottom',rowspan:1,columnspan:1, column:17, content:'hand.Sum(byssje)==0 or hand.Sum(byysje)==0:0,(hand.Sum(byssje)/hand.Sum(byysje)).MathRound(2)', location:'center',height:25},{row:4,type:'',rowspan:1,columnspan:1, column:17, content:'', location:'',height:100},{row:0,type:'head',rowspan:2,columnspan:1, column:18, content:'$滞纳金$', location:'center',height:42},{row:2,type:'main',rowspan:1,columnspan:1, column:18, content:'hand[left.f_inputtor==data.f_inputtor].Sum(znj)', location:'center',height:26},{row:3,type:'bottom',rowspan:1,columnspan:1, column:18, content:'hand.Sum(znj)', location:'center',height:25},{row:4,type:'',rowspan:1,columnspan:1, column:18, content:'', location:'',height:100},{row:0,type:'head',rowspan:2,columnspan:1, column:19, content:'$剩余气量$', location:'center',height:42},{row:2,type:'main',rowspan:1,columnspan:1, column:19, content:'hand[left.f_inputtor==data.f_inputtor].Sum(syql )', location:'center',height:26},{row:3,type:'bottom',rowspan:1,columnspan:1, column:19, content:'hand.Sum(syql )', location:'center',height:25},{row:4,type:'',rowspan:1,columnspan:1, column:19, content:'', location:'',height:100}]}