{sqls:[{name:'hand', sql:'select a.f_inputtor,b.抄表户数 cbhs,c.总户数 zhs,d.未用户数 wyhs,e.使用户数,f.本月实抄气量 scql,
f.本月实抄金额 scje,g.本月实收气量 byssql,g.本月实收金额 byssje,h.剩余气量 syql,j.入户率 rhl from (
select f_inputtor from t_handplan 
where f_inputtor is not null and f_inputtor!=$$ 
group by f_inputtor) a 
left join 
Fun_抄表员_卡表抄表户数(${search.f_yytdate1}$,${search.f_yytdate2}$) b 
on a.f_inputtor=b.抄表员 
left join 
Fun_抄表员_卡表总户数() c 
on a.f_inputtor=c.抄表员 
left join 
Fun_抄表员_卡表未用户数(${search.f_yytdate1}$,${search.f_yytdate2}$) d 
on a.f_inputtor=d.抄表员 
left join 
Fun_抄表员_卡表使用户数(${search.f_yytdate1}$,${search.f_yytdate2}$) e 
on a.f_inputtor=e.抄表员 
left join 
Fun_抄表员_卡表本月实抄(${search.f_yytdate1}$,${search.f_yytdate2}$) f 
on a.f_inputtor=f.抄表员 
left join 
Fun_抄表员_卡表本月实收(${search.f_yytdate1}$,${search.f_yytdate2}$) g 
on a.f_inputtor=g.抄表员 
left join 
Fun_抄表员_卡表本月剩余(${search.f_yytdate1}$,${search.f_yytdate2}$) h 
on a.f_inputtor=h.抄表员 
left join 
Fun_抄表员_卡表入户率(${search.f_yytdate1}$,${search.f_yytdate2}$) j 
on a.f_inputtor=j.抄表员 '}],headsql:'',leftsql:'select f_inputtor from t_handplan where f_inputtor is not null and f_inputtor!=$$ and f_gasmeterstyle=$卡表$ group by f_inputtor',columns:[{width:100},{width:100},{width:100},{width:100},{width:100},{width:100},{width:100},{width:96},{width:100},{width:100},{width:100},{width:100}], rows:[{height:25,type:'head'},{height:20,type:'head'},{height:23,type:'main'},{height:24,type:'bottom'},{height:100,type:''}], cells:[{row:0,type:'head',rowspan:2,columnspan:1, column:0, content:'$抄表员$', location:'center',height:45},{row:0,type:'head',rowspan:2,columnspan:1, column:1, content:'$抄表户数$', location:'center',height:45},{row:0,type:'head',rowspan:2,columnspan:1, column:2, content:'$总户数$', location:'center',height:45},{row:0,type:'head',rowspan:2,columnspan:1, column:3, content:'$未使用户数$', location:'center',height:45},{row:0,type:'',rowspan:1,columnspan:1, column:11, content:'', location:'',height:25},{row:1,type:'',rowspan:1,columnspan:1, column:11, content:'', location:'',height:20},{row:2,type:'left',rowspan:1,columnspan:1, column:0, content:'f_inputtor', location:'center',height:23},{row:2,type:'main',rowspan:1,columnspan:1, column:1, content:'hand[left.f_inputtor==data.f_inputtor].Sum(cbhs)', location:'center',height:23},{row:2,type:'main',rowspan:1,columnspan:1, column:2, content:'hand[left.f_inputtor==data.f_inputtor].Sum(zhs)', location:'center',height:23},{row:2,type:'main',rowspan:1,columnspan:1, column:3, content:'hand[left.f_inputtor==data.f_inputtor].Sum(wyhs)', location:'center',height:23},{row:2,type:'',rowspan:1,columnspan:1, column:11, content:'', location:'',height:23},{row:3,type:'bottom',rowspan:1,columnspan:1, column:0, content:'$合计$', location:'center',height:24},{row:3,type:'bottom',rowspan:1,columnspan:1, column:1, content:'hand.Sum(cbhs)', location:'center',height:24},{row:3,type:'bottom',rowspan:1,columnspan:1, column:2, content:'hand.Sum(zhs)', location:'center',height:24},{row:3,type:'bottom',rowspan:1,columnspan:1, column:3, content:'hand.Sum(wyhs)', location:'center',height:24},{row:3,type:'',rowspan:1,columnspan:1, column:11, content:'', location:'',height:24},{row:4,type:'',rowspan:1,columnspan:1, column:0, content:'', location:'',height:100},{row:4,type:'',rowspan:1,columnspan:1, column:1, content:'', location:'',height:100},{row:4,type:'',rowspan:1,columnspan:1, column:2, content:'', location:'',height:100},{row:4,type:'',rowspan:1,columnspan:1, column:3, content:'', location:'',height:100},{row:4,type:'',rowspan:1,columnspan:1, column:11, content:'', location:'',height:100},{row:0,type:'head',rowspan:2,columnspan:1, column:4, content:'$使用户数$', location:'center',height:45},{row:2,type:'main',rowspan:1,columnspan:1, column:4, content:'hand[left.f_inputtor==data.f_inputtor].Sum(syhs)', location:'center',height:23},{row:3,type:'bottom',rowspan:1,columnspan:1, column:4, content:'hand.Sum(syhs)', location:'center',height:24},{row:4,type:'',rowspan:1,columnspan:1, column:4, content:'', location:'',height:100},{row:0,type:'head',rowspan:1,columnspan:2, column:5, content:'$本月实抄$', location:'center',height:25},{row:1,type:'head',rowspan:1,columnspan:1, column:5, content:'$气量$', location:'center',height:20},{row:2,type:'main',rowspan:1,columnspan:1, column:5, content:'hand[left.f_inputtor==data.f_inputtor].Sum(scql)', location:'center',height:23},{row:3,type:'bottom',rowspan:1,columnspan:1, column:5, content:'hand.Sum(scql)', location:'center',height:24},{row:4,type:'',rowspan:1,columnspan:1, column:5, content:'', location:'',height:100},{row:1,type:'head',rowspan:1,columnspan:1, column:6, content:'$金额$', location:'center',height:20},{row:2,type:'main',rowspan:1,columnspan:1, column:6, content:'hand[left.f_inputtor==data.f_inputtor].Sum(syhs)', location:'center',height:23},{row:3,type:'bottom',rowspan:1,columnspan:1, column:6, content:'hand.Sum(syhs)', location:'center',height:24},{row:4,type:'',rowspan:1,columnspan:1, column:6, content:'', location:'',height:100},{row:0,type:'head',rowspan:1,columnspan:2, column:7, content:'$本月实收$', location:'center',height:25},{row:1,type:'head',rowspan:1,columnspan:1, column:7, content:'$气量$', location:'center',height:20},{row:2,type:'main',rowspan:1,columnspan:1, column:7, content:'hand[left.f_inputtor==data.f_inputtor].Sum(byssql)', location:'center',height:23},{row:3,type:'bottom',rowspan:1,columnspan:1, column:7, content:'hand.Sum(byssql)', location:'center',height:24},{row:4,type:'',rowspan:1,columnspan:1, column:7, content:'', location:'',height:100},{row:1,type:'head',rowspan:1,columnspan:1, column:8, content:'$金额$', location:'center',height:20},{row:2,type:'main',rowspan:1,columnspan:1, column:8, content:'hand[left.f_inputtor==data.f_inputtor].Sum(byssje)', location:'center',height:23},{row:3,type:'bottom',rowspan:1,columnspan:1, column:8, content:'hand.Sum(byssje)', location:'center',height:24},{row:4,type:'',rowspan:1,columnspan:1, column:8, content:'', location:'',height:100},{row:0,type:'head',rowspan:2,columnspan:1, column:9, content:'$剩余气量$', location:'center',height:45},{row:2,type:'main',rowspan:1,columnspan:1, column:9, content:'hand[left.f_inputtor==data.f_inputtor].Sum(syql)', location:'center',height:23},{row:3,type:'bottom',rowspan:1,columnspan:1, column:9, content:'hand.Sum(syql)', location:'center',height:24},{row:4,type:'',rowspan:1,columnspan:1, column:9, content:'', location:'',height:100},{row:0,type:'head',rowspan:2,columnspan:1, column:10, content:'$入户率$', location:'center',height:45},{row:2,type:'main',rowspan:1,columnspan:1, column:10, content:'hand[left.f_inputtor==data.f_inputtor].Sum(rhl)', location:'center',height:23},{row:3,type:'bottom',rowspan:1,columnspan:1, column:10, content:'hand.Sum(rhl)', location:'center',height:24},{row:4,type:'',rowspan:1,columnspan:1, column:10, content:'', location:'',height:100}]}